\BOOKMARK [0][-]{chapter*.4}{\315ndice de figuras}{}% 1
\BOOKMARK [0][-]{chapter.1}{Introducci\363n}{}% 2
\BOOKMARK [1][-]{section.1.1}{Rob\363tica}{chapter.1}% 3
\BOOKMARK [1][-]{section.1.2}{Software Rob\363tico}{chapter.1}% 4
\BOOKMARK [2][-]{subsection.1.2.1}{Middlewares rob\363ticos}{section.1.2}% 5
\BOOKMARK [2][-]{subsection.1.2.2}{Simuladores rob\363ticos}{section.1.2}% 6
\BOOKMARK [2][-]{subsection.1.2.3}{Bibliotecas}{section.1.2}% 7
\BOOKMARK [1][-]{section.1.3}{Docencia en rob\363tica}{chapter.1}% 8
\BOOKMARK [2][-]{subsection.1.3.1}{Docencia en la universidad}{section.1.3}% 9
\BOOKMARK [2][-]{subsection.1.3.2}{Entorno docente JdeRobot-Academy}{section.1.3}% 10
\BOOKMARK [2][-]{subsection.1.3.3}{Ejercicios recientes}{section.1.3}% 11
\BOOKMARK [0][-]{chapter.2}{Objetivos}{}% 12
\BOOKMARK [1][-]{section.2.1}{Objetivos}{chapter.2}% 13
\BOOKMARK [1][-]{section.2.2}{Requisitos}{chapter.2}% 14
\BOOKMARK [1][-]{section.2.3}{Metodolog\355a}{chapter.2}% 15
\BOOKMARK [1][-]{section.2.4}{Plan de trabajo}{chapter.2}% 16
\BOOKMARK [0][-]{chapter.3}{Infraestructura}{}% 17
\BOOKMARK [1][-]{section.3.1}{Simulador Gazebo}{chapter.3}% 18
\BOOKMARK [1][-]{section.3.2}{Entorno ROS}{chapter.3}% 19
\BOOKMARK [1][-]{section.3.3}{Entorno JdeRobot}{chapter.3}% 20
\BOOKMARK [1][-]{section.3.4}{Lenguaje Python}{chapter.3}% 21
\BOOKMARK [1][-]{section.3.5}{Biblioteca OpenCV}{chapter.3}% 22
\BOOKMARK [1][-]{section.3.6}{Biblioteca PyQt}{chapter.3}% 23
\BOOKMARK [1][-]{section.3.7}{IPython 3.0 - Jupyter}{chapter.3}% 24
\BOOKMARK [0][-]{chapter.4}{Ejercicio de Detecci\363n y seguimiento de caras con c\341mara PTZ}{}% 25
\BOOKMARK [1][-]{section.4.1}{Enunciado}{chapter.4}% 26
\BOOKMARK [1][-]{section.4.2}{Infraestructura}{chapter.4}% 27
\BOOKMARK [2][-]{subsection.4.2.1}{C\341mara Sony Evi d100p}{section.4.2}% 28
\BOOKMARK [2][-]{subsection.4.2.2}{Ficheros de configuraci\363n}{section.4.2}% 29
\BOOKMARK [1][-]{section.4.3}{Nodo Acad\351mico}{chapter.4}% 30
\BOOKMARK [2][-]{subsection.4.3.1}{Arquitectura software}{section.4.3}% 31
\BOOKMARK [2][-]{subsection.4.3.2}{Interfaz de sensores y actuadores}{section.4.3}% 32
\BOOKMARK [2][-]{subsection.4.3.3}{Interfaz gr\341fica y uso desde c\363digo}{section.4.3}% 33
\BOOKMARK [2][-]{subsection.4.3.4}{Fichero de configuraci\363n}{section.4.3}% 34
\BOOKMARK [1][-]{section.4.4}{Soluci\363n de referencia}{chapter.4}% 35
\BOOKMARK [2][-]{subsection.4.4.1}{Detecci\363n de caras}{section.4.4}% 36
\BOOKMARK [3][-]{subsubsection.4.4.1.1}{Clasificadores M\341quina}{subsection.4.4.1}% 37
\BOOKMARK [3][-]{subsubsection.4.4.1.2}{Eliminaci\363n de falsos positivos}{subsection.4.4.1}% 38
\BOOKMARK [2][-]{subsection.4.4.2}{Control del movimiento de la c\341mara}{section.4.4}% 39
\BOOKMARK [2][-]{subsection.4.4.3}{Gesti\363n de la ``No Detecci\363n''}{section.4.4}% 40
\BOOKMARK [1][-]{section.4.5}{Experimentaci\363n}{chapter.4}% 41
\BOOKMARK [2][-]{subsection.4.5.1}{Ejecuci\363n t\355pica}{section.4.5}% 42
\BOOKMARK [2][-]{subsection.4.5.2}{Comportamiento ante casos extremos}{section.4.5}% 43
\BOOKMARK [1][-]{section.4.6}{Cuadernillo acad\351mico Jupyter}{chapter.4}% 44
\BOOKMARK [0][-]{chapter.5}{Ejercicio de Autolocalizaci\363n con L\341ser}{}% 45
\BOOKMARK [1][-]{section.5.1}{Enunciado}{chapter.5}% 46
\BOOKMARK [1][-]{section.5.2}{Infraestructura desarrollada}{chapter.5}% 47
\BOOKMARK [2][-]{subsection.5.2.1}{Modelo de robot de interiores con sensor l\341ser}{section.5.2}% 48
\BOOKMARK [3][-]{subsubsection.5.2.1.1}{Sensor l\341ser}{subsection.5.2.1}% 49
\BOOKMARK [3][-]{subsubsection.5.2.1.2}{Sensor Odom\351trico}{subsection.5.2.1}% 50
\BOOKMARK [2][-]{subsection.5.2.2}{Escenario de casa asim\351trica}{section.5.2}% 51
\BOOKMARK [2][-]{subsection.5.2.3}{Modelo de nave sim\351trica}{section.5.2}% 52
\BOOKMARK [2][-]{subsection.5.2.4}{Ficheros de configuraci\363n}{section.5.2}% 53
\BOOKMARK [1][-]{section.5.3}{Nodo Acad\351mico}{chapter.5}% 54
\BOOKMARK [2][-]{subsection.5.3.1}{Arquitectura software}{section.5.3}% 55
\BOOKMARK [2][-]{subsection.5.3.2}{Interfaz de sensores y actuadores y c\363digo auxiliar}{section.5.3}% 56
\BOOKMARK [3][-]{subsubsection.5.3.2.1}{Part\355culas}{subsection.5.3.2}% 57
\BOOKMARK [2][-]{subsection.5.3.3}{Interfaz gr\341fica y uso desde c\363digo}{section.5.3}% 58
\BOOKMARK [3][-]{subsubsection.5.3.3.1}{Gr\341fica de los l\341seres Real y Te\363rico}{subsection.5.3.3}% 59
\BOOKMARK [3][-]{subsubsection.5.3.3.2}{Mapa de Referencia}{subsection.5.3.3}% 60
\BOOKMARK [3][-]{subsubsection.5.3.3.3}{Trayectorias}{subsection.5.3.3}% 61
\BOOKMARK [2][-]{subsection.5.3.4}{Comunicaciones con sensores y actuadores}{section.5.3}% 62
\BOOKMARK [2][-]{subsection.5.3.5}{Fichero de configuraci\363n}{section.5.3}% 63
\BOOKMARK [1][-]{section.5.4}{Soluci\363n de referencia}{chapter.5}% 64
\BOOKMARK [2][-]{subsection.5.4.1}{Fundamentos de autolocalizaci\363n basada en filtros de part\355culas}{section.5.4}% 65
\BOOKMARK [2][-]{subsection.5.4.2}{Soluci\363n desarrollada}{section.5.4}% 66
\BOOKMARK [3][-]{subsubsection.5.4.2.1}{Inicializaci\363n}{subsection.5.4.2}% 67
\BOOKMARK [3][-]{subsubsection.5.4.2.2}{Modelo de observaci\363n}{subsection.5.4.2}% 68
\BOOKMARK [3][-]{subsubsection.5.4.2.3}{Modelo de movimiento}{subsection.5.4.2}% 69
\BOOKMARK [3][-]{subsubsection.5.4.2.4}{Generaci\363n de la siguiente poblaci\363n}{subsection.5.4.2}% 70
\BOOKMARK [1][-]{section.5.5}{Experimentaci\363n}{chapter.5}% 71
\BOOKMARK [2][-]{subsection.5.5.1}{Ejecuci\363n t\355pica}{section.5.5}% 72
\BOOKMARK [3][-]{subsubsection.5.5.1.1}{Localizaci\363n est\341tica}{subsection.5.5.1}% 73
\BOOKMARK [3][-]{subsubsection.5.5.1.2}{Localizaci\363n en movimiento}{subsection.5.5.1}% 74
\BOOKMARK [2][-]{subsection.5.5.2}{Autolocalizaci\363n en situaciones extremas}{section.5.5}% 75
\BOOKMARK [2][-]{subsection.5.5.3}{Ajuste del modelo de observaci\363n}{section.5.5}% 76
\BOOKMARK [2][-]{subsection.5.5.4}{Ajuste del Ruido Gaussiano en la generaci\363n de nuevas part\355culas}{section.5.5}% 77
\BOOKMARK [2][-]{subsection.5.5.5}{Ajuste del tiempo de evoluci\363n de las part\355culas}{section.5.5}% 78
\BOOKMARK [1][-]{section.5.6}{Cuadernillo acad\351mico Jupyter}{chapter.5}% 79
\BOOKMARK [0][-]{chapter.6}{Conclusiones}{}% 80
\BOOKMARK [1][-]{section.6.1}{Conclusiones}{chapter.6}% 81
\BOOKMARK [1][-]{section.6.2}{Trabajos futuros}{chapter.6}% 82
\BOOKMARK [0][-]{chapter*.77}{Bibliograf\355a}{}% 83
